[debug] [2022-04-17T07:46:04.472Z] ----------------------------------------------------------------------
[debug] [2022-04-17T07:46:04.474Z] Command:       C:\Program Files\nodejs\node.exe C:\Users\Kaustubh\AppData\Roaming\npm\node_modules\firebase-tools\lib\bin\firebase.js init
[debug] [2022-04-17T07:46:04.474Z] CLI Version:   10.6.0
[debug] [2022-04-17T07:46:04.474Z] Platform:      win32
[debug] [2022-04-17T07:46:04.474Z] Node Version:  v16.4.2
[debug] [2022-04-17T07:46:04.475Z] Time:          Sun Apr 17 2022 13:16:04 GMT+0530 (India Standard Time)
[debug] [2022-04-17T07:46:04.475Z] ----------------------------------------------------------------------
[debug] 
[debug] [2022-04-17T07:46:04.538Z] > command requires scopes: ["email","openid","https://www.googleapis.com/auth/cloudplatformprojects.readonly","https://www.googleapis.com/auth/firebase","https://www.googleapis.com/auth/cloud-platform"]
[debug] [2022-04-17T07:46:04.538Z] > authorizing via signed-in user (kaustubhnardelwar14678@gmail.com)
[info] 
     ######## #### ########  ######## ########     ###     ######  ########
     ##        ##  ##     ## ##       ##     ##  ##   ##  ##       ##
     ######    ##  ########  ######   ########  #########  ######  ######
     ##        ##  ##    ##  ##       ##     ## ##     ##       ## ##
     ##       #### ##     ## ######## ########  ##     ##  ######  ########

You're about to initialize a Firebase project in this directory:

  D:\WEB30\RamizBarro\ramizbarro

Before we get started, keep in mind:

  * You are initializing within an existing Firebase project directory

